<?xml version="1.0" encoding="UTF-8"?>
<!-- Generated by org.testng.reporters.JUnitXMLReporter -->
<testsuite hostname="LAPTOP-CE4M580C" ignored="0" name="Test" tests="3" failures="1" timestamp="2022-10-01T17:11:23 IST" time="42.978" errors="0">
  <testcase name="loginWithDP" time="10.359" classname="test.LoginTest"/>
  <testcase name="loginWithDP" time="10.386" classname="test.LoginTest">
    <failure type="java.lang.AssertionError" message="expected [https://www.facebook.com/] but found [https://www.facebook.com/login/device-based/regular/login/?login_attempt=1&amp;amp;lwv=100]">
      <![CDATA[java.lang.AssertionError: expected [https://www.facebook.com/] but found [https://www.facebook.com/login/device-based/regular/login/?login_attempt=1&lwv=100]
at test.LoginTest.loginWithDP(LoginTest.java:48)
at java.util.ArrayList.forEach(ArrayList.java:1257)
... Removed 33 stack frames]]>
    </failure>
  </testcase> <!-- loginWithDP -->
  <testcase name="verifyLogo" time="10.57" classname="test.LoginTest"/>
</testsuite> <!-- Test -->
